# JRE version: OpenJDK Runtime Environment (Zulu 8.58.0.13-CA-macosx) (8.0_312-b07) (build 1.8.0_312-b07)
# Java VM: OpenJDK 64-Bit Server VM (25.312-b07 mixed mode bsd-amd64 compressed oops)
Heap:
 PSYoungGen      total 71680K, used 4523K [0x0000000795580000, 0x000000079a080000, 0x00000007c0000000)
  eden space 66560K, 6% used [0x0000000795580000,0x00000007959eae38,0x0000000799680000)
  from space 5120K, 0% used [0x0000000799b80000,0x0000000799b80000,0x000000079a080000)
  to   space 5120K, 0% used [0x0000000799680000,0x0000000799680000,0x0000000799b80000)
 ParOldGen       total 82944K, used 10823K [0x0000000740000000, 0x0000000745100000, 0x0000000795580000)
  object space 82944K, 13% used [0x0000000740000000,0x0000000740a91c60,0x0000000745100000)
 Metaspace       used 20379K, capacity 21504K, committed 21632K, reserved 1067008K
  class space    used 2880K, capacity 3131K, committed 3200K, reserved 1048576K
GC Heap History (10 events):
Event: 1.609 GC heap before
{Heap before GC invocations=1 (full 0):
 PSYoungGen      total 38400K, used 33280K [0x0000000795580000, 0x0000000798000000, 0x00000007c0000000)
  eden space 33280K, 100% used [0x0000000795580000,0x0000000797600000,0x0000000797600000)
  from space 5120K, 0% used [0x0000000797b00000,0x0000000797b00000,0x0000000798000000)
  to   space 5120K, 0% used [0x0000000797600000,0x0000000797600000,0x0000000797b00000)
 ParOldGen       total 87552K, used 0K [0x0000000740000000, 0x0000000745580000, 0x0000000795580000)
  object space 87552K, 0% used [0x0000000740000000,0x0000000740000000,0x0000000745580000)
 Metaspace       used 12061K, capacity 12450K, committed 12672K, reserved 1060864K
  class space    used 1553K, capacity 1662K, committed 1664K, reserved 1048576K
Event: 1.618 GC heap after
Heap after GC invocations=1 (full 0):
 PSYoungGen      total 38400K, used 5090K [0x0000000795580000, 0x0000000798000000, 0x00000007c0000000)
  eden space 33280K, 0% used [0x0000000795580000,0x0000000795580000,0x0000000797600000)
  from space 5120K, 99% used [0x0000000797600000,0x0000000797af8b28,0x0000000797b00000)
  to   space 5120K, 0% used [0x0000000797b00000,0x0000000797b00000,0x0000000798000000)
 ParOldGen       total 87552K, used 2505K [0x0000000740000000, 0x0000000745580000, 0x0000000795580000)
  object space 87552K, 2% used [0x0000000740000000,0x00000007402726f0,0x0000000745580000)
 Metaspace       used 12061K, capacity 12450K, committed 12672K, reserved 1060864K
  class space    used 1553K, capacity 1662K, committed 1664K, reserved 1048576K
}
Event: 2.252 GC heap before
{Heap before GC invocations=2 (full 0):
 PSYoungGen      total 38400K, used 38370K [0x0000000795580000, 0x0000000798000000, 0x00000007c0000000)
  eden space 33280K, 100% used [0x0000000795580000,0x0000000797600000,0x0000000797600000)
  from space 5120K, 99% used [0x0000000797600000,0x0000000797af8b28,0x0000000797b00000)
  to   space 5120K, 0% used [0x0000000797b00000,0x0000000797b00000,0x0000000798000000)
 ParOldGen       total 87552K, used 2505K [0x0000000740000000, 0x0000000745580000, 0x0000000795580000)
  object space 87552K, 2% used [0x0000000740000000,0x00000007402726f0,0x0000000745580000)
 Metaspace       used 15634K, capacity 16272K, committed 16512K, reserved 1062912K
  class space    used 2166K, capacity 2359K, committed 2432K, reserved 1048576K
Event: 2.279 GC heap after
Heap after GC invocations=2 (full 0):
 PSYoungGen      total 38400K, used 5093K [0x0000000795580000, 0x000000079a080000, 0x00000007c0000000)
  eden space 33280K, 0% used [0x0000000795580000,0x0000000795580000,0x0000000797600000)
  from space 5120K, 99% used [0x0000000797b00000,0x0000000797ff95d8,0x0000000798000000)
  to   space 5120K, 0% used [0x0000000797600000,0x0000000797600000,0x0000000797b00000)
 ParOldGen       total 87552K, used 22962K [0x0000000740000000, 0x0000000745580000, 0x0000000795580000)
  object space 87552K, 26% used [0x0000000740000000,0x000000074166cb70,0x0000000745580000)
 Metaspace       used 15634K, capacity 16272K, committed 16512K, reserved 1062912K
  class space    used 2166K, capacity 2359K, committed 2432K, reserved 1048576K
}
Event: 7.375 GC heap before
{Heap before GC invocations=3 (full 0):
 PSYoungGen      total 38400K, used 38373K [0x0000000795580000, 0x000000079a080000, 0x00000007c0000000)
  eden space 33280K, 100% used [0x0000000795580000,0x0000000797600000,0x0000000797600000)
  from space 5120K, 99% used [0x0000000797b00000,0x0000000797ff95d8,0x0000000798000000)
  to   space 5120K, 0% used [0x0000000797600000,0x0000000797600000,0x0000000797b00000)
 ParOldGen       total 87552K, used 22962K [0x0000000740000000, 0x0000000745580000, 0x0000000795580000)
  object space 87552K, 26% used [0x0000000740000000,0x000000074166cb70,0x0000000745580000)
 Metaspace       used 17988K, capacity 18708K, committed 18944K, reserved 1064960K
  class space    used 2587K, capacity 2791K, committed 2816K, reserved 1048576K
Event: 7.395 GC heap after
Heap after GC invocations=3 (full 0):
 PSYoungGen      total 38400K, used 5112K [0x0000000795580000, 0x000000079a080000, 0x00000007c0000000)
  eden space 33280K, 0% used [0x0000000795580000,0x0000000795580000,0x0000000797600000)
  from space 5120K, 99% used [0x0000000797600000,0x0000000797afe050,0x0000000797b00000)
  to   space 5120K, 0% used [0x0000000799b80000,0x0000000799b80000,0x000000079a080000)
 ParOldGen       total 87552K, used 45719K [0x0000000740000000, 0x0000000745580000, 0x0000000795580000)
  object space 87552K, 52% used [0x0000000740000000,0x0000000742ca5f68,0x0000000745580000)
 Metaspace       used 17988K, capacity 18708K, committed 18944K, reserved 1064960K
  class space    used 2587K, capacity 2791K, committed 2816K, reserved 1048576K
}
Event: 12.519 GC heap before
{Heap before GC invocations=4 (full 0):
 PSYoungGen      total 38400K, used 20767K [0x0000000795580000, 0x000000079a080000, 0x00000007c0000000)
  eden space 33280K, 47% used [0x0000000795580000,0x00000007964c9cf8,0x0000000797600000)
  from space 5120K, 99% used [0x0000000797600000,0x0000000797afe050,0x0000000797b00000)
  to   space 5120K, 0% used [0x0000000799b80000,0x0000000799b80000,0x000000079a080000)
 ParOldGen       total 87552K, used 45719K [0x0000000740000000, 0x0000000745580000, 0x0000000795580000)
  object space 87552K, 52% used [0x0000000740000000,0x0000000742ca5f68,0x0000000745580000)
 Metaspace       used 20120K, capacity 21208K, committed 21296K, reserved 1067008K
  class space    used 2876K, capacity 3125K, committed 3200K, reserved 1048576K
Event: 12.531 GC heap after
Heap after GC invocations=4 (full 0):
 PSYoungGen      total 71680K, used 5088K [0x0000000795580000, 0x000000079a080000, 0x00000007c0000000)
  eden space 66560K, 0% used [0x0000000795580000,0x0000000795580000,0x0000000799680000)
  from space 5120K, 99% used [0x0000000799b80000,0x000000079a078030,0x000000079a080000)
  to   space 5120K, 0% used [0x0000000799680000,0x0000000799680000,0x0000000799b80000)
 ParOldGen       total 87552K, used 50814K [0x0000000740000000, 0x0000000745580000, 0x0000000795580000)
  object space 87552K, 58% used [0x0000000740000000,0x000000074319fbb0,0x0000000745580000)
 Metaspace       used 20120K, capacity 21208K, committed 21296K, reserved 1067008K
  class space    used 2876K, capacity 3125K, committed 3200K, reserved 1048576K
}
Event: 12.531 GC heap before
{Heap before GC invocations=5 (full 1):
 PSYoungGen      total 71680K, used 5088K [0x0000000795580000, 0x000000079a080000, 0x00000007c0000000)
  eden space 66560K, 0% used [0x0000000795580000,0x0000000795580000,0x0000000799680000)
  from space 5120K, 99% used [0x0000000799b80000,0x000000079a078030,0x000000079a080000)
  to   space 5120K, 0% used [0x0000000799680000,0x0000000799680000,0x0000000799b80000)
 ParOldGen       total 87552K, used 50814K [0x0000000740000000, 0x0000000745580000, 0x0000000795580000)
  object space 87552K, 58% used [0x0000000740000000,0x000000074319fbb0,0x0000000745580000)
 Metaspace       used 20120K, capacity 21208K, committed 21296K, reserved 1067008K
  class space    used 2876K, capacity 3125K, committed 3200K, reserved 1048576K
Event: 12.579 GC heap after
Heap after GC invocations=5 (full 1):
 PSYoungGen      total 71680K, used 0K [0x0000000795580000, 0x000000079a080000, 0x00000007c0000000)
  eden space 66560K, 0% used [0x0000000795580000,0x0000000795580000,0x0000000799680000)
  from space 5120K, 0% used [0x0000000799b80000,0x0000000799b80000,0x000000079a080000)
  to   space 5120K, 0% used [0x0000000799680000,0x0000000799680000,0x0000000799b80000)
 ParOldGen       total 82944K, used 10823K [0x0000000740000000, 0x0000000745100000, 0x0000000795580000)
  object space 82944K, 13% used [0x0000000740000000,0x0000000740a91c60,0x0000000745100000)
 Metaspace       used 20120K, capacity 21208K, committed 21296K, reserved 1067008K
  class space    used 2876K, capacity 3125K, committed 3200K, reserved 1048576K
}

