# JRE version: OpenJDK Runtime Environment (Zulu 8.58.0.13-CA-macosx) (8.0_312-b07) (build 1.8.0_312-b07)
# Java VM: OpenJDK 64-Bit Server VM (25.312-b07 mixed mode bsd-amd64 compressed oops)
Heap:
 PSYoungGen      total 83968K, used 10283K [0x0000000795580000, 0x000000079d400000, 0x00000007c0000000)
  eden space 51712K, 2% used [0x0000000795580000,0x000000079568f480,0x0000000798800000)
  from space 32256K, 28% used [0x000000079b480000,0x000000079bd7b830,0x000000079d400000)
  to   space 38912K, 0% used [0x0000000798800000,0x0000000798800000,0x000000079ae00000)
 ParOldGen       total 160256K, used 66103K [0x0000000740000000, 0x0000000749c80000, 0x0000000795580000)
  object space 160256K, 41% used [0x0000000740000000,0x000000074408dc98,0x0000000749c80000)
 Metaspace       used 21473K, capacity 22752K, committed 22912K, reserved 1069056K
  class space    used 2916K, capacity 3165K, committed 3200K, reserved 1048576K
GC Heap History (10 events):
Event: 14.491 GC heap before
{Heap before GC invocations=4 (full 0):
 PSYoungGen      total 38400K, used 17521K [0x0000000795580000, 0x000000079a080000, 0x00000007c0000000)
  eden space 33280K, 37% used [0x0000000795580000,0x00000007961a18e0,0x0000000797600000)
  from space 5120K, 99% used [0x0000000797600000,0x0000000797afad40,0x0000000797b00000)
  to   space 5120K, 0% used [0x0000000799b80000,0x0000000799b80000,0x000000079a080000)
 ParOldGen       total 87552K, used 46954K [0x0000000740000000, 0x0000000745580000, 0x0000000795580000)
  object space 87552K, 53% used [0x0000000740000000,0x0000000742ddabf8,0x0000000745580000)
 Metaspace       used 20086K, capacity 21130K, committed 21296K, reserved 1067008K
  class space    used 2860K, capacity 3086K, committed 3200K, reserved 1048576K
Event: 14.502 GC heap after
Heap after GC invocations=4 (full 0):
 PSYoungGen      total 38400K, used 5088K [0x0000000795580000, 0x000000079a080000, 0x00000007c0000000)
  eden space 33280K, 0% used [0x0000000795580000,0x0000000795580000,0x0000000797600000)
  from space 5120K, 99% used [0x0000000799b80000,0x000000079a078050,0x000000079a080000)
  to   space 5120K, 0% used [0x0000000797600000,0x0000000797600000,0x0000000797b00000)
 ParOldGen       total 87552K, used 49486K [0x0000000740000000, 0x0000000745580000, 0x0000000795580000)
  object space 87552K, 56% used [0x0000000740000000,0x0000000743053a18,0x0000000745580000)
 Metaspace       used 20086K, capacity 21130K, committed 21296K, reserved 1067008K
  class space    used 2860K, capacity 3086K, committed 3200K, reserved 1048576K
}
Event: 14.502 GC heap before
{Heap before GC invocations=5 (full 1):
 PSYoungGen      total 38400K, used 5088K [0x0000000795580000, 0x000000079a080000, 0x00000007c0000000)
  eden space 33280K, 0% used [0x0000000795580000,0x0000000795580000,0x0000000797600000)
  from space 5120K, 99% used [0x0000000799b80000,0x000000079a078050,0x000000079a080000)
  to   space 5120K, 0% used [0x0000000797600000,0x0000000797600000,0x0000000797b00000)
 ParOldGen       total 87552K, used 49486K [0x0000000740000000, 0x0000000745580000, 0x0000000795580000)
  object space 87552K, 56% used [0x0000000740000000,0x0000000743053a18,0x0000000745580000)
 Metaspace       used 20086K, capacity 21130K, committed 21296K, reserved 1067008K
  class space    used 2860K, capacity 3086K, committed 3200K, reserved 1048576K
Event: 14.544 GC heap after
Heap after GC invocations=5 (full 1):
 PSYoungGen      total 38400K, used 0K [0x0000000795580000, 0x000000079a080000, 0x00000007c0000000)
  eden space 33280K, 0% used [0x0000000795580000,0x0000000795580000,0x0000000797600000)
  from space 5120K, 0% used [0x0000000799b80000,0x0000000799b80000,0x000000079a080000)
  to   space 5120K, 0% used [0x0000000797600000,0x0000000797600000,0x0000000797b00000)
 ParOldGen       total 83968K, used 9686K [0x0000000740000000, 0x0000000745200000, 0x0000000795580000)
  object space 83968K, 11% used [0x0000000740000000,0x0000000740975a70,0x0000000745200000)
 Metaspace       used 20086K, capacity 21130K, committed 21296K, reserved 1067008K
  class space    used 2860K, capacity 3086K, committed 3200K, reserved 1048576K
}
Event: 20.959 GC heap before
{Heap before GC invocations=6 (full 1):
 PSYoungGen      total 38400K, used 33280K [0x0000000795580000, 0x000000079a080000, 0x00000007c0000000)
  eden space 33280K, 100% used [0x0000000795580000,0x0000000797600000,0x0000000797600000)
  from space 5120K, 0% used [0x0000000799b80000,0x0000000799b80000,0x000000079a080000)
  to   space 5120K, 0% used [0x0000000797600000,0x0000000797600000,0x0000000797b00000)
 ParOldGen       total 83968K, used 47827K [0x0000000740000000, 0x0000000745200000, 0x0000000795580000)
  object space 83968K, 56% used [0x0000000740000000,0x0000000742eb4e10,0x0000000745200000)
 Metaspace       used 20725K, capacity 21938K, committed 22144K, reserved 1069056K
  class space    used 2889K, capacity 3138K, committed 3200K, reserved 1048576K
Event: 20.984 GC heap after
Heap after GC invocations=6 (full 1):
 PSYoungGen      total 38400K, used 5108K [0x0000000795580000, 0x000000079db00000, 0x00000007c0000000)
  eden space 33280K, 0% used [0x0000000795580000,0x0000000795580000,0x0000000797600000)
  from space 5120K, 99% used [0x0000000797600000,0x0000000797afd020,0x0000000797b00000)
  to   space 39424K, 0% used [0x000000079b480000,0x000000079b480000,0x000000079db00000)
 ParOldGen       total 83968K, used 68307K [0x0000000740000000, 0x0000000745200000, 0x0000000795580000)
  object space 83968K, 81% used [0x0000000740000000,0x00000007442b4d78,0x0000000745200000)
 Metaspace       used 20725K, capacity 21938K, committed 22144K, reserved 1069056K
  class space    used 2889K, capacity 3138K, committed 3200K, reserved 1048576K
}
Event: 20.984 GC heap before
{Heap before GC invocations=7 (full 2):
 PSYoungGen      total 38400K, used 5108K [0x0000000795580000, 0x000000079db00000, 0x00000007c0000000)
  eden space 33280K, 0% used [0x0000000795580000,0x0000000795580000,0x0000000797600000)
  from space 5120K, 99% used [0x0000000797600000,0x0000000797afd020,0x0000000797b00000)
  to   space 39424K, 0% used [0x000000079b480000,0x000000079b480000,0x000000079db00000)
 ParOldGen       total 83968K, used 68307K [0x0000000740000000, 0x0000000745200000, 0x0000000795580000)
  object space 83968K, 81% used [0x0000000740000000,0x00000007442b4d78,0x0000000745200000)
 Metaspace       used 20725K, capacity 21938K, committed 22144K, reserved 1069056K
  class space    used 2889K, capacity 3138K, committed 3200K, reserved 1048576K
Event: 21.032 GC heap after
Heap after GC invocations=7 (full 2):
 PSYoungGen      total 38400K, used 0K [0x0000000795580000, 0x000000079db00000, 0x00000007c0000000)
  eden space 33280K, 0% used [0x0000000795580000,0x0000000795580000,0x0000000797600000)
  from space 5120K, 0% used [0x0000000797600000,0x0000000797600000,0x0000000797b00000)
  to   space 39424K, 0% used [0x000000079b480000,0x000000079b480000,0x000000079db00000)
 ParOldGen       total 160256K, used 66095K [0x0000000740000000, 0x0000000749c80000, 0x0000000795580000)
  object space 160256K, 41% used [0x0000000740000000,0x000000074408bc98,0x0000000749c80000)
 Metaspace       used 20725K, capacity 21938K, committed 22144K, reserved 1069056K
  class space    used 2889K, capacity 3138K, committed 3200K, reserved 1048576K
}
Event: 36.613 GC heap before
{Heap before GC invocations=8 (full 2):
 PSYoungGen      total 38400K, used 33280K [0x0000000795580000, 0x000000079db00000, 0x00000007c0000000)
  eden space 33280K, 100% used [0x0000000795580000,0x0000000797600000,0x0000000797600000)
  from space 5120K, 0% used [0x0000000797600000,0x0000000797600000,0x0000000797b00000)
  to   space 39424K, 0% used [0x000000079b480000,0x000000079b480000,0x000000079db00000)
 ParOldGen       total 160256K, used 66095K [0x0000000740000000, 0x0000000749c80000, 0x0000000795580000)
  object space 160256K, 41% used [0x0000000740000000,0x000000074408bc98,0x0000000749c80000)
 Metaspace       used 21470K, capacity 22752K, committed 22912K, reserved 1069056K
  class space    used 2916K, capacity 3165K, committed 3200K, reserved 1048576K
Event: 36.623 GC heap after
Heap after GC invocations=8 (full 2):
 PSYoungGen      total 83968K, used 9198K [0x0000000795580000, 0x000000079d400000, 0x00000007c0000000)
  eden space 51712K, 0% used [0x0000000795580000,0x0000000795580000,0x0000000798800000)
  from space 32256K, 28% used [0x000000079b480000,0x000000079bd7b830,0x000000079d400000)
  to   space 38912K, 0% used [0x0000000798800000,0x0000000798800000,0x000000079ae00000)
 ParOldGen       total 160256K, used 66103K [0x0000000740000000, 0x0000000749c80000, 0x0000000795580000)
  object space 160256K, 41% used [0x0000000740000000,0x000000074408dc98,0x0000000749c80000)
 Metaspace       used 21470K, capacity 22752K, committed 22912K, reserved 1069056K
  class space    used 2916K, capacity 3165K, committed 3200K, reserved 1048576K
}

