# JRE version: OpenJDK Runtime Environment (Zulu 8.58.0.13-CA-macosx) (8.0_312-b07) (build 1.8.0_312-b07)
# Java VM: OpenJDK 64-Bit Server VM (25.312-b07 mixed mode bsd-amd64 compressed oops)
Heap:
 PSYoungGen      total 71680K, used 2893K [0x0000000795580000, 0x000000079e180000, 0x00000007c0000000)
  eden space 66560K, 4% used [0x0000000795580000,0x00000007958535a8,0x0000000799680000)
  from space 5120K, 0% used [0x0000000799680000,0x0000000799680000,0x0000000799b80000)
  to   space 5120K, 0% used [0x000000079dc80000,0x000000079dc80000,0x000000079e180000)
 ParOldGen       total 102400K, used 31020K [0x0000000740000000, 0x0000000746400000, 0x0000000795580000)
  object space 102400K, 30% used [0x0000000740000000,0x0000000741e4b210,0x0000000746400000)
 Metaspace       used 20321K, capacity 21468K, committed 21552K, reserved 1067008K
  class space    used 2883K, capacity 3125K, committed 3200K, reserved 1048576K
GC Heap History (8 events):
Event: 1.676 GC heap before
{Heap before GC invocations=1 (full 0):
 PSYoungGen      total 38400K, used 33280K [0x0000000795580000, 0x0000000798000000, 0x00000007c0000000)
  eden space 33280K, 100% used [0x0000000795580000,0x0000000797600000,0x0000000797600000)
  from space 5120K, 0% used [0x0000000797b00000,0x0000000797b00000,0x0000000798000000)
  to   space 5120K, 0% used [0x0000000797600000,0x0000000797600000,0x0000000797b00000)
 ParOldGen       total 87552K, used 0K [0x0000000740000000, 0x0000000745580000, 0x0000000795580000)
  object space 87552K, 0% used [0x0000000740000000,0x0000000740000000,0x0000000745580000)
 Metaspace       used 12052K, capacity 12450K, committed 12672K, reserved 1060864K
  class space    used 1553K, capacity 1662K, committed 1664K, reserved 1048576K
Event: 1.698 GC heap after
Heap after GC invocations=1 (full 0):
 PSYoungGen      total 38400K, used 5098K [0x0000000795580000, 0x000000079a080000, 0x00000007c0000000)
  eden space 33280K, 0% used [0x0000000795580000,0x0000000795580000,0x0000000797600000)
  from space 5120K, 99% used [0x0000000797600000,0x0000000797afa880,0x0000000797b00000)
  to   space 5120K, 0% used [0x0000000799b80000,0x0000000799b80000,0x000000079a080000)
 ParOldGen       total 87552K, used 2491K [0x0000000740000000, 0x0000000745580000, 0x0000000795580000)
  object space 87552K, 2% used [0x0000000740000000,0x000000074026ed18,0x0000000745580000)
 Metaspace       used 12052K, capacity 12450K, committed 12672K, reserved 1060864K
  class space    used 1553K, capacity 1662K, committed 1664K, reserved 1048576K
}
Event: 2.604 GC heap before
{Heap before GC invocations=2 (full 0):
 PSYoungGen      total 38400K, used 38378K [0x0000000795580000, 0x000000079a080000, 0x00000007c0000000)
  eden space 33280K, 100% used [0x0000000795580000,0x0000000797600000,0x0000000797600000)
  from space 5120K, 99% used [0x0000000797600000,0x0000000797afa880,0x0000000797b00000)
  to   space 5120K, 0% used [0x0000000799b80000,0x0000000799b80000,0x000000079a080000)
 ParOldGen       total 87552K, used 2491K [0x0000000740000000, 0x0000000745580000, 0x0000000795580000)
  object space 87552K, 2% used [0x0000000740000000,0x000000074026ed18,0x0000000745580000)
 Metaspace       used 15649K, capacity 16272K, committed 16512K, reserved 1062912K
  class space    used 2169K, capacity 2359K, committed 2432K, reserved 1048576K
Event: 2.762 GC heap after
Heap after GC invocations=2 (full 0):
 PSYoungGen      total 71680K, used 5109K [0x0000000795580000, 0x000000079a080000, 0x00000007c0000000)
  eden space 66560K, 0% used [0x0000000795580000,0x0000000795580000,0x0000000799680000)
  from space 5120K, 99% used [0x0000000799b80000,0x000000079a07d460,0x000000079a080000)
  to   space 5120K, 0% used [0x0000000799680000,0x0000000799680000,0x0000000799b80000)
 ParOldGen       total 87552K, used 22914K [0x0000000740000000, 0x0000000745580000, 0x0000000795580000)
  object space 87552K, 26% used [0x0000000740000000,0x0000000741660a40,0x0000000745580000)
 Metaspace       used 15649K, capacity 16272K, committed 16512K, reserved 1062912K
  class space    used 2169K, capacity 2359K, committed 2432K, reserved 1048576K
}
Event: 12.212 GC heap before
{Heap before GC invocations=3 (full 0):
 PSYoungGen      total 71680K, used 54433K [0x0000000795580000, 0x000000079a080000, 0x00000007c0000000)
  eden space 66560K, 74% used [0x0000000795580000,0x00000007985ab200,0x0000000799680000)
  from space 5120K, 99% used [0x0000000799b80000,0x000000079a07d460,0x000000079a080000)
  to   space 5120K, 0% used [0x0000000799680000,0x0000000799680000,0x0000000799b80000)
 ParOldGen       total 87552K, used 22914K [0x0000000740000000, 0x0000000745580000, 0x0000000795580000)
  object space 87552K, 26% used [0x0000000740000000,0x0000000741660a40,0x0000000745580000)
 Metaspace       used 20095K, capacity 21208K, committed 21296K, reserved 1067008K
  class space    used 2882K, capacity 3125K, committed 3200K, reserved 1048576K
Event: 12.239 GC heap after
Heap after GC invocations=3 (full 0):
 PSYoungGen      total 71680K, used 5088K [0x0000000795580000, 0x000000079e180000, 0x00000007c0000000)
  eden space 66560K, 0% used [0x0000000795580000,0x0000000795580000,0x0000000799680000)
  from space 5120K, 99% used [0x0000000799680000,0x0000000799b78050,0x0000000799b80000)
  to   space 5120K, 0% used [0x000000079dc80000,0x000000079dc80000,0x000000079e180000)
 ParOldGen       total 87552K, used 49357K [0x0000000740000000, 0x0000000745580000, 0x0000000795580000)
  object space 87552K, 56% used [0x0000000740000000,0x00000007430334b0,0x0000000745580000)
 Metaspace       used 20095K, capacity 21208K, committed 21296K, reserved 1067008K
  class space    used 2882K, capacity 3125K, committed 3200K, reserved 1048576K
}
Event: 12.239 GC heap before
{Heap before GC invocations=4 (full 1):
 PSYoungGen      total 71680K, used 5088K [0x0000000795580000, 0x000000079e180000, 0x00000007c0000000)
  eden space 66560K, 0% used [0x0000000795580000,0x0000000795580000,0x0000000799680000)
  from space 5120K, 99% used [0x0000000799680000,0x0000000799b78050,0x0000000799b80000)
  to   space 5120K, 0% used [0x000000079dc80000,0x000000079dc80000,0x000000079e180000)
 ParOldGen       total 87552K, used 49357K [0x0000000740000000, 0x0000000745580000, 0x0000000795580000)
  object space 87552K, 56% used [0x0000000740000000,0x00000007430334b0,0x0000000745580000)
 Metaspace       used 20095K, capacity 21208K, committed 21296K, reserved 1067008K
  class space    used 2882K, capacity 3125K, committed 3200K, reserved 1048576K
Event: 12.286 GC heap after
Heap after GC invocations=4 (full 1):
 PSYoungGen      total 71680K, used 0K [0x0000000795580000, 0x000000079e180000, 0x00000007c0000000)
  eden space 66560K, 0% used [0x0000000795580000,0x0000000795580000,0x0000000799680000)
  from space 5120K, 0% used [0x0000000799680000,0x0000000799680000,0x0000000799b80000)
  to   space 5120K, 0% used [0x000000079dc80000,0x000000079dc80000,0x000000079e180000)
 ParOldGen       total 102400K, used 31020K [0x0000000740000000, 0x0000000746400000, 0x0000000795580000)
  object space 102400K, 30% used [0x0000000740000000,0x0000000741e4b210,0x0000000746400000)
 Metaspace       used 20095K, capacity 21208K, committed 21296K, reserved 1067008K
  class space    used 2882K, capacity 3125K, committed 3200K, reserved 1048576K
}

